Flow report for fft_atan2_v2
Fri Apr 10 17:39:35 2020
Quartus Prime Version 17.1.0 Build 590 10/25/2017 SJ Lite Edition


---------------------
; Table of Contents ;
---------------------
  1. Legal Notice
  2. Flow Summary
  3. Flow Settings
  4. Flow Non-Default Global Settings
  5. Flow Elapsed Time
  6. Flow OS Summary
  7. Flow Log
  8. Flow Messages
  9. Flow Suppressed Messages



----------------
; Legal Notice ;
----------------
Copyright (C) 2017  Intel Corporation. All rights reserved.
Your use of Intel Corporation's design tools, logic functions 
and other software and tools, and its AMPP partner logic 
functions, and any output files from any of the foregoing 
(including device programming or simulation files), and any 
associated documentation or information are expressly subject 
to the terms and conditions of the Intel Program License 
Subscription Agreement, the Intel Quartus Prime License Agreement,
the Intel FPGA IP License Agreement, or other applicable license
agreement, including, without limitation, that your use is for
the sole purpose of programming logic devices manufactured by
Intel and sold by Intel or its authorized distributors.  Please
refer to the applicable agreement for further details.



+---------------------------------------------------------------------------------+
; Flow Summary                                                                    ;
+-----------------------------------+---------------------------------------------+
; Flow Status                       ; Successful - Fri Apr 10 17:39:34 2020       ;
; Quartus Prime Version             ; 17.1.0 Build 590 10/25/2017 SJ Lite Edition ;
; Revision Name                     ; fft_atan2_v2                                ;
; Top-level Entity Name             ; fft_atan2_v2                                ;
; Family                            ; Arria II GX                                 ;
; Device                            ; EP2AGX45DF25I3                              ;
; Timing Models                     ; Final                                       ;
; Logic utilization                 ; N/A                                         ;
;     Combinational ALUTs           ; 3,631                                       ;
;     Memory ALUTs                  ; 0                                           ;
;     Dedicated logic registers     ; 4,458                                       ;
; Total registers                   ; 4458                                        ;
; Total pins                        ; 85                                          ;
; Total virtual pins                ; 0                                           ;
; Total block memory bits           ; 139,922                                     ;
; DSP block 18-bit elements         ; 12                                          ;
; Total GXB Receiver Channel PCS    ; 0                                           ;
; Total GXB Receiver Channel PMA    ; 0                                           ;
; Total GXB Transmitter Channel PCS ; 0                                           ;
; Total GXB Transmitter Channel PMA ; 0                                           ;
; Total PLLs                        ; 0                                           ;
; Total DLLs                        ; 0                                           ;
+-----------------------------------+---------------------------------------------+


+-----------------------------------------+
; Flow Settings                           ;
+-------------------+---------------------+
; Option            ; Setting             ;
+-------------------+---------------------+
; Start date & time ; 04/10/2020 17:37:59 ;
; Main task         ; Compilation         ;
; Revision Name     ; fft_atan2_v2        ;
+-------------------+---------------------+


+---------------------------------------------------------------------------------------------------------------------------------------------------------------------------+
; Flow Non-Default Global Settings                                                                                                                                          ;
+-------------------------------------+------------------------------------------------------------------------+---------------+-------------------------------+------------+
; Assignment Name                     ; Value                                                                  ; Default Value ; Entity Name                   ; Section Id ;
+-------------------------------------+------------------------------------------------------------------------+---------------+-------------------------------+------------+
; COMPILER_SIGNATURE_ID               ; 84440850203615.158655467821560                                         ; --            ; --                            ; --         ;
; MAX_CORE_JUNCTION_TEMP              ; 100                                                                    ; --            ; --                            ; --         ;
; MESSAGE_DISABLE                     ; 270007                                                                 ; --            ; FFT_Burst_16x1024_v1_fft_ii_0 ; --         ;
; MIN_CORE_JUNCTION_TEMP              ; -40                                                                    ; --            ; --                            ; --         ;
; MISC_FILE                           ; FFT_Burst_16x1024_v1/synthesis/../FFT_Burst_16x1024_v1.cmp             ; --            ; --                            ; --         ;
; MISC_FILE                           ; FFT_Burst_16x1024_v1/synthesis/../../FFT_Burst_16x1024_v1.qsys         ; --            ; --                            ; --         ;
; MISC_FILE                           ; PLL_50_TO_250M/PLL_50_TO_250M.cmp                                      ; --            ; --                            ; --         ;
; MISC_FILE                           ; PLL_50_TO_250M/PLL_50_TO_250M_sim/PLL_50_TO_250M.vo                    ; --            ; --                            ; --         ;
; PARTITION_COLOR                     ; -- (Not supported for targeted family)                                 ; --            ; --                            ; Top        ;
; PARTITION_FITTER_PRESERVATION_LEVEL ; -- (Not supported for targeted family)                                 ; --            ; --                            ; Top        ;
; PARTITION_NETLIST_TYPE              ; -- (Not supported for targeted family)                                 ; --            ; --                            ; Top        ;
; POWER_BOARD_THERMAL_MODEL           ; None (CONSERVATIVE)                                                    ; --            ; --                            ; --         ;
; POWER_PRESET_COOLING_SOLUTION       ; 23 MM HEAT SINK WITH 200 LFPM AIRFLOW                                  ; --            ; --                            ; --         ;
; SEARCH_PATH                         ; c:\intelfpga_lite\17.1\quartus\mydev\fft_atan2_v2\fft_burst_16x1024_v1 ; --            ; --                            ; --         ;
; SLD_FILE                            ; FFT_Burst_16x1024_v1/synthesis/FFT_Burst_16x1024_v1.debuginfo          ; --            ; --                            ; --         ;
; SLD_INFO                            ; QSYS_NAME FFT_Burst_16x1024_v1 HAS_SOPCINFO 1 GENERATION_ID 1581906124 ; --            ; FFT_Burst_16x1024_v1          ; --         ;
; SOPCINFO_FILE                       ; FFT_Burst_16x1024_v1/synthesis/../../FFT_Burst_16x1024_v1.sopcinfo     ; --            ; --                            ; --         ;
; SPD_FILE                            ; PLL_50_TO_250M/PLL_50_TO_250M.spd                                      ; --            ; --                            ; --         ;
; SYNTHESIS_ONLY_QIP                  ; On                                                                     ; --            ; --                            ; --         ;
; SYNTHESIS_ONLY_QIP                  ; On                                                                     ; --            ; --                            ; --         ;
+-------------------------------------+------------------------------------------------------------------------+---------------+-------------------------------+------------+


+--------------------------------------------------------------------------------------------------------------------------+
; Flow Elapsed Time                                                                                                        ;
+----------------------+--------------+-------------------------+---------------------+------------------------------------+
; Module Name          ; Elapsed Time ; Average Processors Used ; Peak Virtual Memory ; Total CPU Time (on all processors) ;
+----------------------+--------------+-------------------------+---------------------+------------------------------------+
; Analysis & Synthesis ; 00:01:30     ; 1.0                     ; 5091 MB             ; 00:02:03                           ;
; Total                ; 00:01:30     ; --                      ; --                  ; 00:02:03                           ;
+----------------------+--------------+-------------------------+---------------------+------------------------------------+


+------------------------------------------------------------------------------------+
; Flow OS Summary                                                                    ;
+----------------------+------------------+------------+------------+----------------+
; Module Name          ; Machine Hostname ; OS Name    ; OS Version ; Processor type ;
+----------------------+------------------+------------+------------+----------------+
; Analysis & Synthesis ; DESKTOP-9PMV8VL  ; Windows 10 ; 10.0       ; x86_64         ;
+----------------------+------------------+------------+------------+----------------+


------------
; Flow Log ;
------------
quartus_map --read_settings_files=on --write_settings_files=off fft_atan2_v2 -c fft_atan2_v2



